[INFO ] 2020-04-10 13:02:41.746 [main] MainInterface - This is an info msg
[FATAL] 2020-04-10 13:02:41.748 [main] MainInterface - This is a fatal msg
[WARN ] 2020-04-10 13:02:41.748 [main] MainInterface - This is a warn msg
[ERROR] 2020-04-10 13:02:41.748 [main] MainInterface - This is a error msg
[INFO ] 2020-04-10 13:02:41.747 [main] MainInterface - This is an info msg
[FATAL] 2020-04-10 13:02:41.750 [main] MainInterface - This is a fatal msg
[WARN ] 2020-04-10 13:02:41.750 [main] MainInterface - This is a warn msg
[ERROR] 2020-04-10 13:02:41.750 [main] MainInterface - This is a error msg
[INFO ] 2020-04-10 13:20:33.034 [main] MainInterface - This is an info msg
[FATAL] 2020-04-10 13:20:33.040 [main] MainInterface - This is a fatal msg
[WARN ] 2020-04-10 13:20:33.041 [main] MainInterface - This is a warn msg
[ERROR] 2020-04-10 13:20:33.041 [main] MainInterface - This is a error msg
[INFO ] 2020-04-10 13:20:56.283 [main] CustomerDAOImpl - Customer added
[INFO ] 2020-04-11 00:02:58.144 [main] MainInterface - This is an info msg
[FATAL] 2020-04-11 00:02:58.155 [main] MainInterface - This is a fatal msg
[WARN ] 2020-04-11 00:02:58.156 [main] MainInterface - This is a warn msg
[ERROR] 2020-04-11 00:02:58.156 [main] MainInterface - This is a error msg
[INFO ] 2020-04-11 00:03:40.449 [main] MainInterface - This is an info msg
[FATAL] 2020-04-11 00:03:40.458 [main] MainInterface - This is a fatal msg
[WARN ] 2020-04-11 00:03:40.458 [main] MainInterface - This is a warn msg
[ERROR] 2020-04-11 00:03:40.458 [main] MainInterface - This is a error msg
[INFO ] 2020-04-11 00:03:55.794 [main] MainInterface - This is an info msg
[FATAL] 2020-04-11 00:03:55.796 [main] MainInterface - This is a fatal msg
[WARN ] 2020-04-11 00:03:55.796 [main] MainInterface - This is a warn msg
[ERROR] 2020-04-11 00:03:55.796 [main] MainInterface - This is a error msg
[INFO ] 2020-04-11 00:06:59.600 [main] MainInterface - This is an info msg
[FATAL] 2020-04-11 00:06:59.602 [main] MainInterface - This is a fatal msg
[WARN ] 2020-04-11 00:06:59.602 [main] MainInterface - This is a warn msg
[ERROR] 2020-04-11 00:06:59.602 [main] MainInterface - This is a error msg
[INFO ] 2020-04-11 00:19:11.535 [main] MainInterface - This is an info msg
[FATAL] 2020-04-11 00:19:11.537 [main] MainInterface - This is a fatal msg
[WARN ] 2020-04-11 00:19:11.537 [main] MainInterface - This is a warn msg
[ERROR] 2020-04-11 00:19:11.537 [main] MainInterface - This is a error msg
[INFO ] 2020-04-11 00:19:21.978 [main] MainInterface - This is an info msg
[FATAL] 2020-04-11 00:19:21.980 [main] MainInterface - This is a fatal msg
[WARN ] 2020-04-11 00:19:21.980 [main] MainInterface - This is a warn msg
[ERROR] 2020-04-11 00:19:21.980 [main] MainInterface - This is a error msg
[INFO ] 2020-04-11 00:21:06.869 [main] MainInterface - This is an info msg
[FATAL] 2020-04-11 00:21:06.872 [main] MainInterface - This is a fatal msg
[WARN ] 2020-04-11 00:21:06.872 [main] MainInterface - This is a warn msg
[ERROR] 2020-04-11 00:21:06.872 [main] MainInterface - This is a error msg
[INFO ] 2020-04-11 01:24:31.458 [main] MainInterface - This is an info msg
[FATAL] 2020-04-11 01:24:31.465 [main] MainInterface - This is a fatal msg
[WARN ] 2020-04-11 01:24:31.465 [main] MainInterface - This is a warn msg
[ERROR] 2020-04-11 01:24:31.465 [main] MainInterface - This is a error msg
[INFO ] 2020-04-11 01:26:12.839 [main] CustomerDAOImpl - Customer added
[INFO ] 2020-04-11 14:02:39.958 [main] MainInterface - This is an info msg
[FATAL] 2020-04-11 14:02:39.971 [main] MainInterface - This is a fatal msg
[WARN ] 2020-04-11 14:02:39.971 [main] MainInterface - This is a warn msg
[ERROR] 2020-04-11 14:02:39.971 [main] MainInterface - This is a error msg
[INFO ] 2020-04-11 14:05:44.622 [main] MainInterface - This is an info msg
[FATAL] 2020-04-11 14:05:44.625 [main] MainInterface - This is a fatal msg
[WARN ] 2020-04-11 14:05:44.625 [main] MainInterface - This is a warn msg
[ERROR] 2020-04-11 14:05:44.625 [main] MainInterface - This is a error msg
[INFO ] 2020-04-11 14:06:55.259 [main] MainInterface - This is an info msg
[FATAL] 2020-04-11 14:06:55.262 [main] MainInterface - This is a fatal msg
[WARN ] 2020-04-11 14:06:55.262 [main] MainInterface - This is a warn msg
[ERROR] 2020-04-11 14:06:55.262 [main] MainInterface - This is a error msg
[INFO ] 2020-04-11 14:36:21.963 [main] MainInterface - This is an info msg
[FATAL] 2020-04-11 14:36:21.965 [main] MainInterface - This is a fatal msg
[WARN ] 2020-04-11 14:36:21.965 [main] MainInterface - This is a warn msg
[ERROR] 2020-04-11 14:36:21.965 [main] MainInterface - This is a error msg
[INFO ] 2020-04-11 14:36:47.055 [main] MainInterface - This is an info msg
[FATAL] 2020-04-11 14:36:47.057 [main] MainInterface - This is a fatal msg
[WARN ] 2020-04-11 14:36:47.057 [main] MainInterface - This is a warn msg
[ERROR] 2020-04-11 14:36:47.057 [main] MainInterface - This is a error msg
[INFO ] 2020-04-11 14:36:48.252 [main] MainInterface - This is an info msg
[FATAL] 2020-04-11 14:36:48.253 [main] MainInterface - This is a fatal msg
[WARN ] 2020-04-11 14:36:48.254 [main] MainInterface - This is a warn msg
[ERROR] 2020-04-11 14:36:48.254 [main] MainInterface - This is a error msg
[INFO ] 2020-04-11 14:43:41.589 [main] MainInterface - This is an info msg
[FATAL] 2020-04-11 14:43:41.595 [main] MainInterface - This is a fatal msg
[WARN ] 2020-04-11 14:43:41.596 [main] MainInterface - This is a warn msg
[ERROR] 2020-04-11 14:43:41.596 [main] MainInterface - This is a error msg
[INFO ] 2020-04-11 14:45:02.708 [main] MainInterface - This is an info msg
[FATAL] 2020-04-11 14:45:02.716 [main] MainInterface - This is a fatal msg
[WARN ] 2020-04-11 14:45:02.716 [main] MainInterface - This is a warn msg
[ERROR] 2020-04-11 14:45:02.717 [main] MainInterface - This is a error msg
[INFO ] 2020-04-11 14:46:54.147 [main] MainInterface - This is an info msg
[FATAL] 2020-04-11 14:46:54.153 [main] MainInterface - This is a fatal msg
[WARN ] 2020-04-11 14:46:54.153 [main] MainInterface - This is a warn msg
[ERROR] 2020-04-11 14:46:54.154 [main] MainInterface - This is a error msg
[INFO ] 2020-04-11 18:02:21.124 [main] MainInterface - This is an info msg
[FATAL] 2020-04-11 18:02:21.130 [main] MainInterface - This is a fatal msg
[WARN ] 2020-04-11 18:02:21.130 [main] MainInterface - This is a warn msg
[ERROR] 2020-04-11 18:02:21.130 [main] MainInterface - This is a error msg
[INFO ] 2020-04-11 18:02:51.937 [main] MainInterface - This is an info msg
[FATAL] 2020-04-11 18:02:51.939 [main] MainInterface - This is a fatal msg
[WARN ] 2020-04-11 18:02:51.939 [main] MainInterface - This is a warn msg
[ERROR] 2020-04-11 18:02:51.939 [main] MainInterface - This is a error msg
[INFO ] 2020-04-11 18:03:56.663 [main] MainInterface - This is an info msg
[FATAL] 2020-04-11 18:03:56.665 [main] MainInterface - This is a fatal msg
[WARN ] 2020-04-11 18:03:56.665 [main] MainInterface - This is a warn msg
[ERROR] 2020-04-11 18:03:56.665 [main] MainInterface - This is a error msg
[INFO ] 2020-04-11 18:11:50.186 [main] MainInterface - This is an info msg
[FATAL] 2020-04-11 18:11:50.188 [main] MainInterface - This is a fatal msg
[WARN ] 2020-04-11 18:11:50.188 [main] MainInterface - This is a warn msg
[ERROR] 2020-04-11 18:11:50.188 [main] MainInterface - This is a error msg
[INFO ] 2020-04-11 18:12:01.108 [main] MainInterface - This is an info msg
[FATAL] 2020-04-11 18:12:01.110 [main] MainInterface - This is a fatal msg
[WARN ] 2020-04-11 18:12:01.110 [main] MainInterface - This is a warn msg
[ERROR] 2020-04-11 18:12:01.110 [main] MainInterface - This is a error msg
[INFO ] 2020-04-11 19:11:24.949 [main] MainInterface - This is an info msg
[FATAL] 2020-04-11 19:11:24.956 [main] MainInterface - This is a fatal msg
[WARN ] 2020-04-11 19:11:24.956 [main] MainInterface - This is a warn msg
[ERROR] 2020-04-11 19:11:24.956 [main] MainInterface - This is a error msg
[INFO ] 2020-04-11 19:11:52.975 [main] MainInterface - This is an info msg
[FATAL] 2020-04-11 19:11:52.982 [main] MainInterface - This is a fatal msg
[WARN ] 2020-04-11 19:11:52.982 [main] MainInterface - This is a warn msg
[ERROR] 2020-04-11 19:11:52.982 [main] MainInterface - This is a error msg
[INFO ] 2020-04-11 19:12:46.630 [main] MainInterface - This is an info msg
[FATAL] 2020-04-11 19:12:46.632 [main] MainInterface - This is a fatal msg
[WARN ] 2020-04-11 19:12:46.632 [main] MainInterface - This is a warn msg
[ERROR] 2020-04-11 19:12:46.632 [main] MainInterface - This is a error msg
[INFO ] 2020-04-11 19:13:17.437 [main] MainInterface - This is an info msg
[FATAL] 2020-04-11 19:13:17.443 [main] MainInterface - This is a fatal msg
[WARN ] 2020-04-11 19:13:17.444 [main] MainInterface - This is a warn msg
[ERROR] 2020-04-11 19:13:17.444 [main] MainInterface - This is a error msg
[INFO ] 2020-04-11 19:21:01.377 [main] MainInterface - This is an info msg
[FATAL] 2020-04-11 19:21:01.379 [main] MainInterface - This is a fatal msg
[WARN ] 2020-04-11 19:21:01.379 [main] MainInterface - This is a warn msg
[ERROR] 2020-04-11 19:21:01.380 [main] MainInterface - This is a error msg
[INFO ] 2020-04-11 19:21:40.127 [main] MainInterface - This is an info msg
[FATAL] 2020-04-11 19:21:40.134 [main] MainInterface - This is a fatal msg
[WARN ] 2020-04-11 19:21:40.134 [main] MainInterface - This is a warn msg
[ERROR] 2020-04-11 19:21:40.134 [main] MainInterface - This is a error msg
[INFO ] 2020-04-11 20:22:44.322 [main] MainInterface - This is an info msg
[FATAL] 2020-04-11 20:22:44.324 [main] MainInterface - This is a fatal msg
[WARN ] 2020-04-11 20:22:44.325 [main] MainInterface - This is a warn msg
[ERROR] 2020-04-11 20:22:44.325 [main] MainInterface - This is a error msg
[INFO ] 2020-04-11 20:24:21.862 [main] MainInterface - This is an info msg
[FATAL] 2020-04-11 20:24:21.865 [main] MainInterface - This is a fatal msg
[WARN ] 2020-04-11 20:24:21.865 [main] MainInterface - This is a warn msg
[ERROR] 2020-04-11 20:24:21.865 [main] MainInterface - This is a error msg
[INFO ] 2020-04-11 21:49:02.290 [main] MainInterface - This is an info msg
[FATAL] 2020-04-11 21:49:02.296 [main] MainInterface - This is a fatal msg
[WARN ] 2020-04-11 21:49:02.296 [main] MainInterface - This is a warn msg
[ERROR] 2020-04-11 21:49:02.296 [main] MainInterface - This is a error msg
[INFO ] 2020-04-11 22:16:30.036 [main] MainInterface - This is an info msg
[FATAL] 2020-04-11 22:16:30.039 [main] MainInterface - This is a fatal msg
[WARN ] 2020-04-11 22:16:30.039 [main] MainInterface - This is a warn msg
[ERROR] 2020-04-11 22:16:30.039 [main] MainInterface - This is a error msg
[INFO ] 2020-04-11 22:26:38.040 [main] MainInterface - This is an info msg
[FATAL] 2020-04-11 22:26:38.042 [main] MainInterface - This is a fatal msg
[WARN ] 2020-04-11 22:26:38.042 [main] MainInterface - This is a warn msg
[ERROR] 2020-04-11 22:26:38.042 [main] MainInterface - This is a error msg
[INFO ] 2020-04-11 22:28:52.236 [main] MainInterface - This is an info msg
[FATAL] 2020-04-11 22:28:52.238 [main] MainInterface - This is a fatal msg
[WARN ] 2020-04-11 22:28:52.238 [main] MainInterface - This is a warn msg
[ERROR] 2020-04-11 22:28:52.239 [main] MainInterface - This is a error msg
[INFO ] 2020-04-11 22:29:25.269 [main] MainInterface - This is an info msg
[FATAL] 2020-04-11 22:29:25.276 [main] MainInterface - This is a fatal msg
[WARN ] 2020-04-11 22:29:25.276 [main] MainInterface - This is a warn msg
[ERROR] 2020-04-11 22:29:25.276 [main] MainInterface - This is a error msg
[INFO ] 2020-04-11 22:54:39.276 [main] MainInterface - This is an info msg
[FATAL] 2020-04-11 22:54:39.279 [main] MainInterface - This is a fatal msg
[WARN ] 2020-04-11 22:54:39.279 [main] MainInterface - This is a warn msg
[ERROR] 2020-04-11 22:54:39.279 [main] MainInterface - This is a error msg
[INFO ] 2020-04-11 23:01:59.668 [main] MainInterface - This is an info msg
[FATAL] 2020-04-11 23:01:59.670 [main] MainInterface - This is a fatal msg
[WARN ] 2020-04-11 23:01:59.670 [main] MainInterface - This is a warn msg
[ERROR] 2020-04-11 23:01:59.670 [main] MainInterface - This is a error msg
[INFO ] 2020-04-11 23:04:29.011 [main] MainInterface - This is an info msg
[FATAL] 2020-04-11 23:04:29.127 [main] MainInterface - This is a fatal msg
[WARN ] 2020-04-11 23:04:29.128 [main] MainInterface - This is a warn msg
[ERROR] 2020-04-11 23:04:29.128 [main] MainInterface - This is a error msg
[INFO ] 2020-04-11 23:09:49.949 [main] MainInterface - This is an info msg
[FATAL] 2020-04-11 23:09:49.951 [main] MainInterface - This is a fatal msg
[WARN ] 2020-04-11 23:09:49.951 [main] MainInterface - This is a warn msg
[ERROR] 2020-04-11 23:09:49.951 [main] MainInterface - This is a error msg
[INFO ] 2020-04-11 23:20:43.013 [main] MainInterface - This is an info msg
[FATAL] 2020-04-11 23:20:43.015 [main] MainInterface - This is a fatal msg
[WARN ] 2020-04-11 23:20:43.015 [main] MainInterface - This is a warn msg
[ERROR] 2020-04-11 23:20:43.015 [main] MainInterface - This is a error msg
[INFO ] 2020-04-11 23:21:42.276 [main] MainInterface - This is an info msg
[FATAL] 2020-04-11 23:21:42.278 [main] MainInterface - This is a fatal msg
[WARN ] 2020-04-11 23:21:42.278 [main] MainInterface - This is a warn msg
[ERROR] 2020-04-11 23:21:42.278 [main] MainInterface - This is a error msg
[INFO ] 2020-04-11 23:28:41.280 [main] MainInterface - This is an info msg
[FATAL] 2020-04-11 23:28:41.282 [main] MainInterface - This is a fatal msg
[WARN ] 2020-04-11 23:28:41.282 [main] MainInterface - This is a warn msg
[ERROR] 2020-04-11 23:28:41.282 [main] MainInterface - This is a error msg
[INFO ] 2020-04-11 23:33:56.150 [main] MainInterface - This is an info msg
[FATAL] 2020-04-11 23:33:56.152 [main] MainInterface - This is a fatal msg
[WARN ] 2020-04-11 23:33:56.152 [main] MainInterface - This is a warn msg
[ERROR] 2020-04-11 23:33:56.152 [main] MainInterface - This is a error msg
[INFO ] 2020-04-11 23:40:25.882 [main] MainInterface - This is an info msg
[FATAL] 2020-04-11 23:40:25.884 [main] MainInterface - This is a fatal msg
[WARN ] 2020-04-11 23:40:25.884 [main] MainInterface - This is a warn msg
[ERROR] 2020-04-11 23:40:25.884 [main] MainInterface - This is a error msg
[INFO ] 2020-04-12 00:27:22.479 [main] MainInterface - This is an info msg
[FATAL] 2020-04-12 00:27:22.481 [main] MainInterface - This is a fatal msg
[WARN ] 2020-04-12 00:27:22.481 [main] MainInterface - This is a warn msg
[ERROR] 2020-04-12 00:27:22.481 [main] MainInterface - This is a error msg
[INFO ] 2020-04-12 00:30:19.368 [main] MainInterface - This is an info msg
[FATAL] 2020-04-12 00:30:19.370 [main] MainInterface - This is a fatal msg
[WARN ] 2020-04-12 00:30:19.370 [main] MainInterface - This is a warn msg
[ERROR] 2020-04-12 00:30:19.370 [main] MainInterface - This is a error msg
[INFO ] 2020-04-12 00:45:28.604 [main] MainInterface - This is an info msg
[FATAL] 2020-04-12 00:45:28.606 [main] MainInterface - This is a fatal msg
[WARN ] 2020-04-12 00:45:28.606 [main] MainInterface - This is a warn msg
[ERROR] 2020-04-12 00:45:28.607 [main] MainInterface - This is a error msg
[INFO ] 2020-04-12 00:47:49.298 [main] MainInterface - This is an info msg
[FATAL] 2020-04-12 00:47:49.300 [main] MainInterface - This is a fatal msg
[WARN ] 2020-04-12 00:47:49.300 [main] MainInterface - This is a warn msg
[ERROR] 2020-04-12 00:47:49.300 [main] MainInterface - This is a error msg
[INFO ] 2020-04-12 00:53:01.431 [main] MainInterface - This is an info msg
[FATAL] 2020-04-12 00:53:01.433 [main] MainInterface - This is a fatal msg
[WARN ] 2020-04-12 00:53:01.433 [main] MainInterface - This is a warn msg
[ERROR] 2020-04-12 00:53:01.434 [main] MainInterface - This is a error msg
[INFO ] 2020-04-12 00:56:17.559 [main] MainInterface - This is an info msg
[FATAL] 2020-04-12 00:56:17.562 [main] MainInterface - This is a fatal msg
[WARN ] 2020-04-12 00:56:17.562 [main] MainInterface - This is a warn msg
[ERROR] 2020-04-12 00:56:17.562 [main] MainInterface - This is a error msg
[INFO ] 2020-04-12 01:02:17.817 [main] MainInterface - This is an info msg
[FATAL] 2020-04-12 01:02:17.819 [main] MainInterface - This is a fatal msg
[WARN ] 2020-04-12 01:02:17.819 [main] MainInterface - This is a warn msg
[ERROR] 2020-04-12 01:02:17.841 [main] MainInterface - This is a error msg
[INFO ] 2020-04-12 01:03:26.579 [main] MainInterface - This is an info msg
[FATAL] 2020-04-12 01:03:26.585 [main] MainInterface - This is a fatal msg
[WARN ] 2020-04-12 01:03:26.585 [main] MainInterface - This is a warn msg
[ERROR] 2020-04-12 01:03:26.585 [main] MainInterface - This is a error msg
[INFO ] 2020-04-12 01:05:15.656 [main] MainInterface - This is an info msg
[FATAL] 2020-04-12 01:05:15.657 [main] MainInterface - This is a fatal msg
[WARN ] 2020-04-12 01:05:15.657 [main] MainInterface - This is a warn msg
[ERROR] 2020-04-12 01:05:15.658 [main] MainInterface - This is a error msg
[INFO ] 2020-04-12 01:08:41.405 [main] MainInterface - This is an info msg
[FATAL] 2020-04-12 01:08:41.406 [main] MainInterface - This is a fatal msg
[WARN ] 2020-04-12 01:08:41.407 [main] MainInterface - This is a warn msg
[ERROR] 2020-04-12 01:08:41.407 [main] MainInterface - This is a error msg
[INFO ] 2020-04-12 13:32:51.720 [main] MainInterface - This is an info msg
[INFO ] 2020-04-12 13:32:51.720 [main] MainInterface - This is an info msg
[FATAL] 2020-04-12 13:32:51.745 [main] MainInterface - This is a fatal msg
[FATAL] 2020-04-12 13:32:51.745 [main] MainInterface - This is a fatal msg
[WARN ] 2020-04-12 13:32:51.746 [main] MainInterface - This is a warn msg
[WARN ] 2020-04-12 13:32:51.746 [main] MainInterface - This is a warn msg
[ERROR] 2020-04-12 13:32:51.746 [main] MainInterface - This is a error msg
[ERROR] 2020-04-12 13:32:51.746 [main] MainInterface - This is a error msg
[INFO ] 2020-04-12 13:33:34.253 [main] MainInterface - This is an info msg
[FATAL] 2020-04-12 13:33:34.255 [main] MainInterface - This is a fatal msg
[WARN ] 2020-04-12 13:33:34.255 [main] MainInterface - This is a warn msg
[ERROR] 2020-04-12 13:33:34.255 [main] MainInterface - This is a error msg
[INFO ] 2020-04-12 13:34:10.219 [main] MainInterface - This is an info msg
[FATAL] 2020-04-12 13:34:10.221 [main] MainInterface - This is a fatal msg
[WARN ] 2020-04-12 13:34:10.222 [main] MainInterface - This is a warn msg
[ERROR] 2020-04-12 13:34:10.222 [main] MainInterface - This is a error msg
[INFO ] 2020-04-12 14:40:46.968 [main] MainInterface - This is an info msg
[FATAL] 2020-04-12 14:40:46.970 [main] MainInterface - This is a fatal msg
[WARN ] 2020-04-12 14:40:46.970 [main] MainInterface - This is a warn msg
[ERROR] 2020-04-12 14:40:46.970 [main] MainInterface - This is a error msg
[INFO ] 2020-04-12 14:41:19.786 [main] MainInterface - This is an info msg
[FATAL] 2020-04-12 14:41:19.792 [main] MainInterface - This is a fatal msg
[WARN ] 2020-04-12 14:41:19.792 [main] MainInterface - This is a warn msg
[ERROR] 2020-04-12 14:41:19.792 [main] MainInterface - This is a error msg
[INFO ] 2020-04-12 14:53:58.732 [main] MainInterface - This is an info msg
[FATAL] 2020-04-12 14:53:58.735 [main] MainInterface - This is a fatal msg
[WARN ] 2020-04-12 14:53:58.735 [main] MainInterface - This is a warn msg
[ERROR] 2020-04-12 14:53:58.736 [main] MainInterface - This is a error msg
[INFO ] 2020-04-12 14:56:08.785 [main] MainInterface - This is an info msg
[FATAL] 2020-04-12 14:56:08.787 [main] MainInterface - This is a fatal msg
[WARN ] 2020-04-12 14:56:08.787 [main] MainInterface - This is a warn msg
[ERROR] 2020-04-12 14:56:08.788 [main] MainInterface - This is a error msg
[INFO ] 2020-04-12 14:56:30.566 [main] MainInterface - This is an info msg
[FATAL] 2020-04-12 14:56:30.573 [main] MainInterface - This is a fatal msg
[WARN ] 2020-04-12 14:56:30.573 [main] MainInterface - This is a warn msg
[ERROR] 2020-04-12 14:56:30.573 [main] MainInterface - This is a error msg
[INFO ] 2020-04-12 15:04:07.072 [main] MainInterface - This is an info msg
[FATAL] 2020-04-12 15:04:07.074 [main] MainInterface - This is a fatal msg
[WARN ] 2020-04-12 15:04:07.074 [main] MainInterface - This is a warn msg
[ERROR] 2020-04-12 15:04:07.074 [main] MainInterface - This is a error msg
[INFO ] 2020-04-12 15:04:17.529 [main] MainInterface - This is an info msg
[FATAL] 2020-04-12 15:04:17.531 [main] MainInterface - This is a fatal msg
[WARN ] 2020-04-12 15:04:17.531 [main] MainInterface - This is a warn msg
[ERROR] 2020-04-12 15:04:17.531 [main] MainInterface - This is a error msg
[INFO ] 2020-04-12 15:05:59.872 [main] MainInterface - This is an info msg
[FATAL] 2020-04-12 15:05:59.874 [main] MainInterface - This is a fatal msg
[WARN ] 2020-04-12 15:05:59.874 [main] MainInterface - This is a warn msg
[ERROR] 2020-04-12 15:05:59.874 [main] MainInterface - This is a error msg
[INFO ] 2020-04-12 15:11:15.870 [main] MainInterface - This is an info msg
[FATAL] 2020-04-12 15:11:15.872 [main] MainInterface - This is a fatal msg
[WARN ] 2020-04-12 15:11:15.872 [main] MainInterface - This is a warn msg
[ERROR] 2020-04-12 15:11:15.872 [main] MainInterface - This is a error msg
[INFO ] 2020-04-12 15:20:17.403 [main] MainInterface - This is an info msg
[FATAL] 2020-04-12 15:20:17.405 [main] MainInterface - This is a fatal msg
[WARN ] 2020-04-12 15:20:17.405 [main] MainInterface - This is a warn msg
[ERROR] 2020-04-12 15:20:17.406 [main] MainInterface - This is a error msg
[INFO ] 2020-04-12 15:46:36.754 [main] MainInterface - This is an info msg
[FATAL] 2020-04-12 15:46:36.757 [main] MainInterface - This is a fatal msg
[WARN ] 2020-04-12 15:46:36.757 [main] MainInterface - This is a warn msg
[ERROR] 2020-04-12 15:46:36.757 [main] MainInterface - This is a error msg
[INFO ] 2020-04-12 15:50:55.801 [main] MainInterface - This is an info msg
[FATAL] 2020-04-12 15:50:55.803 [main] MainInterface - This is a fatal msg
[WARN ] 2020-04-12 15:50:55.803 [main] MainInterface - This is a warn msg
[ERROR] 2020-04-12 15:50:55.803 [main] MainInterface - This is a error msg
[INFO ] 2020-04-12 15:51:12.341 [main] MainInterface - This is an info msg
[FATAL] 2020-04-12 15:51:12.343 [main] MainInterface - This is a fatal msg
[WARN ] 2020-04-12 15:51:12.343 [main] MainInterface - This is a warn msg
[ERROR] 2020-04-12 15:51:12.343 [main] MainInterface - This is a error msg
[INFO ] 2020-04-12 16:08:26.462 [main] MainInterface - This is an info msg
[FATAL] 2020-04-12 16:08:26.464 [main] MainInterface - This is a fatal msg
[WARN ] 2020-04-12 16:08:26.464 [main] MainInterface - This is a warn msg
[ERROR] 2020-04-12 16:08:26.464 [main] MainInterface - This is a error msg
[INFO ] 2020-04-12 18:36:22.560 [main] MainInterface - This is an info msg
[FATAL] 2020-04-12 18:36:22.566 [main] MainInterface - This is a fatal msg
[WARN ] 2020-04-12 18:36:22.566 [main] MainInterface - This is a warn msg
[ERROR] 2020-04-12 18:36:22.567 [main] MainInterface - This is a error msg
[INFO ] 2020-04-12 18:38:19.968 [main] MainInterface - This is an info msg
[FATAL] 2020-04-12 18:38:19.970 [main] MainInterface - This is a fatal msg
[WARN ] 2020-04-12 18:38:19.970 [main] MainInterface - This is a warn msg
[ERROR] 2020-04-12 18:38:19.970 [main] MainInterface - This is a error msg
[INFO ] 2020-04-12 18:38:28.551 [main] MainInterface - This is an info msg
[FATAL] 2020-04-12 18:38:28.553 [main] MainInterface - This is a fatal msg
[WARN ] 2020-04-12 18:38:28.553 [main] MainInterface - This is a warn msg
[ERROR] 2020-04-12 18:38:28.553 [main] MainInterface - This is a error msg
[INFO ] 2020-04-12 18:39:15.308 [main] MainInterface - This is an info msg
[FATAL] 2020-04-12 18:39:15.310 [main] MainInterface - This is a fatal msg
[WARN ] 2020-04-12 18:39:15.310 [main] MainInterface - This is a warn msg
[ERROR] 2020-04-12 18:39:15.310 [main] MainInterface - This is a error msg
[INFO ] 2020-04-12 18:39:31.161 [main] MainInterface - This is an info msg
[FATAL] 2020-04-12 18:39:31.167 [main] MainInterface - This is a fatal msg
[WARN ] 2020-04-12 18:39:31.167 [main] MainInterface - This is a warn msg
[ERROR] 2020-04-12 18:39:31.168 [main] MainInterface - This is a error msg
[INFO ] 2020-04-12 18:44:37.494 [main] MainInterface - This is an info msg
[FATAL] 2020-04-12 18:44:37.496 [main] MainInterface - This is a fatal msg
[WARN ] 2020-04-12 18:44:37.496 [main] MainInterface - This is a warn msg
[ERROR] 2020-04-12 18:44:37.497 [main] MainInterface - This is a error msg
[INFO ] 2020-04-12 18:44:53.890 [main] MainInterface - This is an info msg
[FATAL] 2020-04-12 18:44:53.892 [main] MainInterface - This is a fatal msg
[WARN ] 2020-04-12 18:44:53.893 [main] MainInterface - This is a warn msg
[ERROR] 2020-04-12 18:44:53.893 [main] MainInterface - This is a error msg
[INFO ] 2020-04-12 18:46:02.805 [main] MainInterface - This is an info msg
[FATAL] 2020-04-12 18:46:02.811 [main] MainInterface - This is a fatal msg
[WARN ] 2020-04-12 18:46:02.811 [main] MainInterface - This is a warn msg
[ERROR] 2020-04-12 18:46:02.811 [main] MainInterface - This is a error msg
[INFO ] 2020-04-12 18:47:41.072 [main] MainInterface - This is an info msg
[FATAL] 2020-04-12 18:47:41.074 [main] MainInterface - This is a fatal msg
[WARN ] 2020-04-12 18:47:41.074 [main] MainInterface - This is a warn msg
[ERROR] 2020-04-12 18:47:41.074 [main] MainInterface - This is a error msg
[INFO ] 2020-04-12 18:49:22.369 [main] MainInterface - This is an info msg
[FATAL] 2020-04-12 18:49:22.375 [main] MainInterface - This is a fatal msg
[WARN ] 2020-04-12 18:49:22.376 [main] MainInterface - This is a warn msg
[ERROR] 2020-04-12 18:49:22.376 [main] MainInterface - This is a error msg
[INFO ] 2020-04-12 18:51:02.389 [main] MainInterface - This is an info msg
[FATAL] 2020-04-12 18:51:02.391 [main] MainInterface - This is a fatal msg
[WARN ] 2020-04-12 18:51:02.391 [main] MainInterface - This is a warn msg
[ERROR] 2020-04-12 18:51:02.391 [main] MainInterface - This is a error msg
[INFO ] 2020-04-12 18:58:51.495 [main] MainInterface - This is an info msg
[FATAL] 2020-04-12 18:58:51.497 [main] MainInterface - This is a fatal msg
[WARN ] 2020-04-12 18:58:51.497 [main] MainInterface - This is a warn msg
[ERROR] 2020-04-12 18:58:51.497 [main] MainInterface - This is a error msg
[INFO ] 2020-04-12 19:30:11.353 [main] MainInterface - This is an info msg
[FATAL] 2020-04-12 19:30:11.355 [main] MainInterface - This is a fatal msg
[WARN ] 2020-04-12 19:30:11.355 [main] MainInterface - This is a warn msg
[ERROR] 2020-04-12 19:30:11.355 [main] MainInterface - This is a error msg
[INFO ] 2020-04-12 22:14:30.869 [main] MainInterface - This is an info msg
[INFO ] 2020-04-12 22:14:30.908 [main] MainInterface - This is an info msg
[INFO ] 2020-04-12 22:14:30.882 [main] MainInterface - This is an info msg
[FATAL] 2020-04-12 22:14:31.343 [main] MainInterface - This is a fatal msg
[FATAL] 2020-04-12 22:14:31.343 [main] MainInterface - This is a fatal msg
[WARN ] 2020-04-12 22:14:31.343 [main] MainInterface - This is a warn msg
[WARN ] 2020-04-12 22:14:31.343 [main] MainInterface - This is a warn msg
[FATAL] 2020-04-12 22:14:31.343 [main] MainInterface - This is a fatal msg
[ERROR] 2020-04-12 22:14:31.343 [main] MainInterface - This is a error msg
[ERROR] 2020-04-12 22:14:31.343 [main] MainInterface - This is a error msg
[WARN ] 2020-04-12 22:14:31.344 [main] MainInterface - This is a warn msg
[ERROR] 2020-04-12 22:14:31.344 [main] MainInterface - This is a error msg
[INFO ] 2020-04-12 23:05:49.001 [main] MainInterface - This is an info msg
[FATAL] 2020-04-12 23:05:49.003 [main] MainInterface - This is a fatal msg
[WARN ] 2020-04-12 23:05:49.003 [main] MainInterface - This is a warn msg
[ERROR] 2020-04-12 23:05:49.003 [main] MainInterface - This is a error msg
[INFO ] 2020-04-12 23:09:32.640 [main] MainInterface - This is an info msg
[FATAL] 2020-04-12 23:09:32.642 [main] MainInterface - This is a fatal msg
[WARN ] 2020-04-12 23:09:32.642 [main] MainInterface - This is a warn msg
[ERROR] 2020-04-12 23:09:32.642 [main] MainInterface - This is a error msg
[INFO ] 2020-04-13 00:03:13.336 [main] MainInterface - This is an info msg
[FATAL] 2020-04-13 00:03:13.338 [main] MainInterface - This is a fatal msg
[WARN ] 2020-04-13 00:03:13.338 [main] MainInterface - This is a warn msg
[ERROR] 2020-04-13 00:03:13.338 [main] MainInterface - This is a error msg
[INFO ] 2020-04-13 00:04:03.269 [main] MainInterface - This is an info msg
[FATAL] 2020-04-13 00:04:03.271 [main] MainInterface - This is a fatal msg
[WARN ] 2020-04-13 00:04:03.271 [main] MainInterface - This is a warn msg
[ERROR] 2020-04-13 00:04:03.271 [main] MainInterface - This is a error msg
[INFO ] 2020-04-13 00:04:59.950 [main] MainInterface - This is an info msg
[FATAL] 2020-04-13 00:04:59.952 [main] MainInterface - This is a fatal msg
[WARN ] 2020-04-13 00:04:59.952 [main] MainInterface - This is a warn msg
[ERROR] 2020-04-13 00:04:59.952 [main] MainInterface - This is a error msg
[INFO ] 2020-04-13 00:08:25.670 [main] MainInterface - This is an info msg
[FATAL] 2020-04-13 00:08:25.672 [main] MainInterface - This is a fatal msg
[WARN ] 2020-04-13 00:08:25.672 [main] MainInterface - This is a warn msg
[ERROR] 2020-04-13 00:08:25.672 [main] MainInterface - This is a error msg
[ERROR] 2020-04-13 00:09:09.615 [main] HotelManagementException - Pls Enter a valid hotel name!!
[ERROR] 2020-04-13 00:10:37.753 [main] HotelManagementException - Pls Enter a valid hotel name!!
[ERROR] 2020-04-13 00:10:51.715 [main] HotelManagementException - Pls Enter a valid hotel name!!
[INFO ] 2020-04-13 00:41:20.012 [main] MainInterface - This is an info msg
[FATAL] 2020-04-13 00:41:20.014 [main] MainInterface - This is a fatal msg
[WARN ] 2020-04-13 00:41:20.014 [main] MainInterface - This is a warn msg
[ERROR] 2020-04-13 00:41:20.014 [main] MainInterface - This is a error msg
[INFO ] 2020-04-13 00:49:35.241 [main] MainInterface - This is an info msg
[FATAL] 2020-04-13 00:49:35.244 [main] MainInterface - This is a fatal msg
[WARN ] 2020-04-13 00:49:35.244 [main] MainInterface - This is a warn msg
[ERROR] 2020-04-13 00:49:35.245 [main] MainInterface - This is a error msg
[INFO ] 2020-04-13 00:49:35.959 [main] MainInterface - This is an info msg
[FATAL] 2020-04-13 00:49:35.962 [main] MainInterface - This is a fatal msg
[WARN ] 2020-04-13 00:49:35.962 [main] MainInterface - This is a warn msg
[ERROR] 2020-04-13 00:49:35.963 [main] MainInterface - This is a error msg
[ERROR] 2020-04-13 00:49:49.069 [main] HotelManagementException - Pls Enter a valid hotel name!!
[ERROR] 2020-04-13 00:52:26.725 [main] HotelManagementException - Pls Enter a valid hotel name!!
[INFO ] 2020-04-13 00:56:57.777 [main] MainInterface - This is an info msg
[FATAL] 2020-04-13 00:56:57.780 [main] MainInterface - This is a fatal msg
[WARN ] 2020-04-13 00:56:57.780 [main] MainInterface - This is a warn msg
[ERROR] 2020-04-13 00:56:57.780 [main] MainInterface - This is a error msg
[INFO ] 2020-04-13 00:56:57.825 [main] MainInterface - This is an info msg
[FATAL] 2020-04-13 00:56:57.827 [main] MainInterface - This is a fatal msg
[WARN ] 2020-04-13 00:56:57.827 [main] MainInterface - This is a warn msg
[ERROR] 2020-04-13 00:56:57.827 [main] MainInterface - This is a error msg
[INFO ] 2020-04-13 00:57:01.369 [main] MainInterface - This is an info msg
[FATAL] 2020-04-13 00:57:01.371 [main] MainInterface - This is a fatal msg
[WARN ] 2020-04-13 00:57:01.371 [main] MainInterface - This is a warn msg
[ERROR] 2020-04-13 00:57:01.371 [main] MainInterface - This is a error msg
[ERROR] 2020-04-13 00:57:13.881 [main] HotelManagementException - Pls Enter a valid hotel name!!
[ERROR] 2020-04-13 00:57:29.545 [main] HotelManagementException - Please Enter a valid Email ID!!
[ERROR] 2020-04-13 00:58:27.244 [main] HotelManagementException - Pls Enter a valid hotel name!!
[ERROR] 2020-04-13 00:58:44.301 [main] HotelManagementException - Please Enter a valid Contact Number!!
[INFO ] 2020-04-13 09:28:09.614 [main] MainInterface - This is an info msg
[FATAL] 2020-04-13 09:28:09.641 [main] MainInterface - This is a fatal msg
[WARN ] 2020-04-13 09:28:09.642 [main] MainInterface - This is a warn msg
[ERROR] 2020-04-13 09:28:09.642 [main] MainInterface - This is a error msg
[ERROR] 2020-04-13 09:28:23.011 [main] HotelManagementException - No such city found!
[INFO ] 2020-04-13 10:08:41.704 [main] MainInterface - This is an info msg
[FATAL] 2020-04-13 10:08:41.706 [main] MainInterface - This is a fatal msg
[WARN ] 2020-04-13 10:08:41.706 [main] MainInterface - This is a warn msg
[ERROR] 2020-04-13 10:08:41.706 [main] MainInterface - This is a error msg
[INFO ] 2020-04-13 10:33:54.557 [main] MainInterface - This is an info msg
[FATAL] 2020-04-13 10:33:54.560 [main] MainInterface - This is a fatal msg
[WARN ] 2020-04-13 10:33:54.560 [main] MainInterface - This is a warn msg
[ERROR] 2020-04-13 10:33:54.560 [main] MainInterface - This is a error msg
[INFO ] 2020-04-13 10:35:14.028 [main] MainInterface - This is an info msg
[FATAL] 2020-04-13 10:35:14.030 [main] MainInterface - This is a fatal msg
[WARN ] 2020-04-13 10:35:14.030 [main] MainInterface - This is a warn msg
[ERROR] 2020-04-13 10:35:14.030 [main] MainInterface - This is a error msg
[INFO ] 2020-04-13 10:37:38.885 [main] MainInterface - This is an info msg
[FATAL] 2020-04-13 10:37:38.887 [main] MainInterface - This is a fatal msg
[WARN ] 2020-04-13 10:37:38.887 [main] MainInterface - This is a warn msg
[ERROR] 2020-04-13 10:37:38.887 [main] MainInterface - This is a error msg
[INFO ] 2020-04-13 10:40:57.510 [main] MainInterface - This is an info msg
[FATAL] 2020-04-13 10:40:57.512 [main] MainInterface - This is a fatal msg
[WARN ] 2020-04-13 10:40:57.512 [main] MainInterface - This is a warn msg
[ERROR] 2020-04-13 10:40:57.512 [main] MainInterface - This is a error msg
[ERROR] 2020-04-13 10:41:06.014 [main] HotelManagementException - No such city found!
[INFO ] 2020-04-13 11:14:49.503 [main] MainInterface - This is an info msg
[FATAL] 2020-04-13 11:14:49.505 [main] MainInterface - This is a fatal msg
[WARN ] 2020-04-13 11:14:49.505 [main] MainInterface - This is a warn msg
[ERROR] 2020-04-13 11:14:49.505 [main] MainInterface - This is a error msg
[INFO ] 2020-04-13 11:23:08.664 [main] MainInterface - This is an info msg
[FATAL] 2020-04-13 11:23:08.666 [main] MainInterface - This is a fatal msg
[WARN ] 2020-04-13 11:23:08.666 [main] MainInterface - This is a warn msg
[ERROR] 2020-04-13 11:23:08.666 [main] MainInterface - This is a error msg
[ERROR] 2020-04-13 11:23:27.585 [main] HotelManagementException - No such city found!
[INFO ] 2020-04-13 11:26:52.312 [main] MainInterface - This is an info msg
[FATAL] 2020-04-13 11:26:52.314 [main] MainInterface - This is a fatal msg
[WARN ] 2020-04-13 11:26:52.314 [main] MainInterface - This is a warn msg
[ERROR] 2020-04-13 11:26:52.314 [main] MainInterface - This is a error msg
[ERROR] 2020-04-13 11:27:18.795 [main] HotelManagementException - No such city found!
[INFO ] 2020-04-13 11:28:00.289 [main] MainInterface - This is an info msg
[FATAL] 2020-04-13 11:28:00.291 [main] MainInterface - This is a fatal msg
[WARN ] 2020-04-13 11:28:00.291 [main] MainInterface - This is a warn msg
[ERROR] 2020-04-13 11:28:00.291 [main] MainInterface - This is a error msg
[INFO ] 2020-04-13 11:28:16.076 [main] MainInterface - This is an info msg
[FATAL] 2020-04-13 11:28:16.078 [main] MainInterface - This is a fatal msg
[WARN ] 2020-04-13 11:28:16.078 [main] MainInterface - This is a warn msg
[ERROR] 2020-04-13 11:28:16.078 [main] MainInterface - This is a error msg
[INFO ] 2020-04-13 11:28:20.520 [main] MainInterface - This is an info msg
[FATAL] 2020-04-13 11:28:20.522 [main] MainInterface - This is a fatal msg
[WARN ] 2020-04-13 11:28:20.522 [main] MainInterface - This is a warn msg
[ERROR] 2020-04-13 11:28:20.522 [main] MainInterface - This is a error msg
[INFO ] 2020-04-13 11:28:26.670 [main] MainInterface - This is an info msg
[FATAL] 2020-04-13 11:28:26.672 [main] MainInterface - This is a fatal msg
[WARN ] 2020-04-13 11:28:26.672 [main] MainInterface - This is a warn msg
[ERROR] 2020-04-13 11:28:26.672 [main] MainInterface - This is a error msg
[ERROR] 2020-04-13 11:28:37.990 [main] HotelManagementException - No such city found!
<<<<<<< HEAD
[INFO ] 2020-04-13 14:00:06.887 [main] MainInterface - This is an info msg
[FATAL] 2020-04-13 14:00:06.889 [main] MainInterface - This is a fatal msg
[WARN ] 2020-04-13 14:00:06.889 [main] MainInterface - This is a warn msg
[ERROR] 2020-04-13 14:00:06.889 [main] MainInterface - This is a error msg
[INFO ] 2020-04-13 14:00:07.793 [main] MainInterface - This is an info msg
[FATAL] 2020-04-13 14:00:07.796 [main] MainInterface - This is a fatal msg
[WARN ] 2020-04-13 14:00:07.796 [main] MainInterface - This is a warn msg
[ERROR] 2020-04-13 14:00:07.796 [main] MainInterface - This is a error msg
[ERROR] 2020-04-13 14:02:41.165 [main] HotelManagementException - No such city found!
[INFO ] 2020-04-13 14:12:39.205 [main] MainInterface - This is an info msg
[FATAL] 2020-04-13 14:12:39.207 [main] MainInterface - This is a fatal msg
[WARN ] 2020-04-13 14:12:39.207 [main] MainInterface - This is a warn msg
[ERROR] 2020-04-13 14:12:39.207 [main] MainInterface - This is a error msg
[INFO ] 2020-04-13 14:13:59.954 [main] MainInterface - This is an info msg
[FATAL] 2020-04-13 14:13:59.957 [main] MainInterface - This is a fatal msg
[WARN ] 2020-04-13 14:13:59.957 [main] MainInterface - This is a warn msg
[ERROR] 2020-04-13 14:13:59.957 [main] MainInterface - This is a error msg
[INFO ] 2020-04-13 14:14:24.662 [main] MainInterface - This is an info msg
[FATAL] 2020-04-13 14:14:24.664 [main] MainInterface - This is a fatal msg
[WARN ] 2020-04-13 14:14:24.664 [main] MainInterface - This is a warn msg
[ERROR] 2020-04-13 14:14:24.664 [main] MainInterface - This is a error msg
[INFO ] 2020-04-13 14:18:58.443 [main] MainInterface - This is an info msg
[FATAL] 2020-04-13 14:18:58.445 [main] MainInterface - This is a fatal msg
[WARN ] 2020-04-13 14:18:58.445 [main] MainInterface - This is a warn msg
[ERROR] 2020-04-13 14:18:58.445 [main] MainInterface - This is a error msg
[INFO ] 2020-04-13 14:20:14.038 [main] MainInterface - This is an info msg
[FATAL] 2020-04-13 14:20:14.041 [main] MainInterface - This is a fatal msg
[WARN ] 2020-04-13 14:20:14.041 [main] MainInterface - This is a warn msg
[ERROR] 2020-04-13 14:20:14.041 [main] MainInterface - This is a error msg
[INFO ] 2020-04-13 14:20:21.585 [main] MainInterface - This is an info msg
[FATAL] 2020-04-13 14:20:21.587 [main] MainInterface - This is a fatal msg
[WARN ] 2020-04-13 14:20:21.587 [main] MainInterface - This is a warn msg
[ERROR] 2020-04-13 14:20:21.587 [main] MainInterface - This is a error msg
[INFO ] 2020-04-13 14:20:33.891 [main] MainInterface - This is an info msg
[FATAL] 2020-04-13 14:20:33.893 [main] MainInterface - This is a fatal msg
[WARN ] 2020-04-13 14:20:33.893 [main] MainInterface - This is a warn msg
[ERROR] 2020-04-13 14:20:33.893 [main] MainInterface - This is a error msg
[INFO ] 2020-04-13 14:21:38.870 [main] MainInterface - This is an info msg
[FATAL] 2020-04-13 14:21:38.872 [main] MainInterface - This is a fatal msg
[WARN ] 2020-04-13 14:21:38.872 [main] MainInterface - This is a warn msg
[ERROR] 2020-04-13 14:21:38.872 [main] MainInterface - This is a error msg
[INFO ] 2020-04-13 14:23:00.546 [main] MainInterface - This is an info msg
[FATAL] 2020-04-13 14:23:00.548 [main] MainInterface - This is a fatal msg
[WARN ] 2020-04-13 14:23:00.549 [main] MainInterface - This is a warn msg
[ERROR] 2020-04-13 14:23:00.549 [main] MainInterface - This is a error msg
[INFO ] 2020-04-18 13:51:16.937 [main] MainInterface - This is an info msg
[FATAL] 2020-04-18 13:51:17.527 [main] MainInterface - This is a fatal msg
[WARN ] 2020-04-18 13:51:17.527 [main] MainInterface - This is a warn msg
[ERROR] 2020-04-18 13:51:17.527 [main] MainInterface - This is a error msg
[INFO ] 2020-04-19 15:25:11.964 [main] MainInterface - This is an info msg
[FATAL] 2020-04-19 15:25:11.967 [main] MainInterface - This is a fatal msg
[WARN ] 2020-04-19 15:25:11.967 [main] MainInterface - This is a warn msg
[ERROR] 2020-04-19 15:25:11.967 [main] MainInterface - This is a error msg
[INFO ] 2020-04-19 15:27:12.474 [main] MainInterface - This is an info msg
[FATAL] 2020-04-19 15:27:12.475 [main] MainInterface - This is a fatal msg
[WARN ] 2020-04-19 15:27:12.475 [main] MainInterface - This is a warn msg
[ERROR] 2020-04-19 15:27:12.476 [main] MainInterface - This is a error msg
[INFO ] 2020-04-19 15:28:34.684 [main] MainInterface - This is an info msg
[FATAL] 2020-04-19 15:28:34.686 [main] MainInterface - This is a fatal msg
[WARN ] 2020-04-19 15:28:34.686 [main] MainInterface - This is a warn msg
[ERROR] 2020-04-19 15:28:34.686 [main] MainInterface - This is a error msg
[INFO ] 2020-04-19 15:31:54.844 [main] MainInterface - This is an info msg
[FATAL] 2020-04-19 15:31:54.847 [main] MainInterface - This is a fatal msg
[WARN ] 2020-04-19 15:31:54.847 [main] MainInterface - This is a warn msg
[ERROR] 2020-04-19 15:31:54.847 [main] MainInterface - This is a error msg
[INFO ] 2020-04-19 15:32:30.253 [main] MainInterface - This is an info msg
[FATAL] 2020-04-19 15:32:30.255 [main] MainInterface - This is a fatal msg
[WARN ] 2020-04-19 15:32:30.255 [main] MainInterface - This is a warn msg
[ERROR] 2020-04-19 15:32:30.255 [main] MainInterface - This is a error msg
[INFO ] 2020-04-19 15:32:34.017 [main] MainInterface - This is an info msg
[FATAL] 2020-04-19 15:32:34.019 [main] MainInterface - This is a fatal msg
[WARN ] 2020-04-19 15:32:34.019 [main] MainInterface - This is a warn msg
[ERROR] 2020-04-19 15:32:34.020 [main] MainInterface - This is a error msg
[INFO ] 2020-04-19 15:37:42.945 [main] MainInterface - This is an info msg
[FATAL] 2020-04-19 15:37:42.947 [main] MainInterface - This is a fatal msg
[WARN ] 2020-04-19 15:37:42.947 [main] MainInterface - This is a warn msg
[ERROR] 2020-04-19 15:37:42.947 [main] MainInterface - This is a error msg
[INFO ] 2020-04-19 15:44:44.283 [main] MainInterface - This is an info msg
[FATAL] 2020-04-19 15:44:44.286 [main] MainInterface - This is a fatal msg
[WARN ] 2020-04-19 15:44:44.286 [main] MainInterface - This is a warn msg
[ERROR] 2020-04-19 15:44:44.286 [main] MainInterface - This is a error msg
[INFO ] 2020-04-19 16:29:29.007 [main] MainInterface - This is an info msg
[FATAL] 2020-04-19 16:29:29.009 [main] MainInterface - This is a fatal msg
[WARN ] 2020-04-19 16:29:29.009 [main] MainInterface - This is a warn msg
[ERROR] 2020-04-19 16:29:29.010 [main] MainInterface - This is a error msg
[INFO ] 2020-04-19 16:31:42.631 [main] MainInterface - This is an info msg
[FATAL] 2020-04-19 16:31:42.633 [main] MainInterface - This is a fatal msg
[WARN ] 2020-04-19 16:31:42.633 [main] MainInterface - This is a warn msg
[ERROR] 2020-04-19 16:31:42.633 [main] MainInterface - This is a error msg
[INFO ] 2020-04-19 16:54:38.494 [main] MainInterface - This is an info msg
[FATAL] 2020-04-19 16:54:38.496 [main] MainInterface - This is a fatal msg
[WARN ] 2020-04-19 16:54:38.496 [main] MainInterface - This is a warn msg
[ERROR] 2020-04-19 16:54:38.496 [main] MainInterface - This is a error msg
[INFO ] 2020-04-19 17:05:45.389 [main] MainInterface - This is an info msg
[FATAL] 2020-04-19 17:05:45.391 [main] MainInterface - This is a fatal msg
[WARN ] 2020-04-19 17:05:45.391 [main] MainInterface - This is a warn msg
[ERROR] 2020-04-19 17:05:45.391 [main] MainInterface - This is a error msg
[INFO ] 2020-04-19 17:06:26.725 [main] MainInterface - This is an info msg
[FATAL] 2020-04-19 17:06:26.728 [main] MainInterface - This is a fatal msg
[WARN ] 2020-04-19 17:06:26.728 [main] MainInterface - This is a warn msg
[ERROR] 2020-04-19 17:06:26.729 [main] MainInterface - This is a error msg
[INFO ] 2020-04-19 17:07:22.495 [main] MainInterface - This is an info msg
[FATAL] 2020-04-19 17:07:22.498 [main] MainInterface - This is a fatal msg
[WARN ] 2020-04-19 17:07:22.498 [main] MainInterface - This is a warn msg
[ERROR] 2020-04-19 17:07:22.498 [main] MainInterface - This is a error msg
[INFO ] 2020-04-19 17:08:15.154 [main] MainInterface - This is an info msg
[FATAL] 2020-04-19 17:08:15.157 [main] MainInterface - This is a fatal msg
[WARN ] 2020-04-19 17:08:15.157 [main] MainInterface - This is a warn msg
[ERROR] 2020-04-19 17:08:15.157 [main] MainInterface - This is a error msg
[INFO ] 2020-04-19 17:13:03.164 [main] MainInterface - This is an info msg
[FATAL] 2020-04-19 17:13:03.166 [main] MainInterface - This is a fatal msg
[WARN ] 2020-04-19 17:13:03.166 [main] MainInterface - This is a warn msg
[ERROR] 2020-04-19 17:13:03.166 [main] MainInterface - This is a error msg
[INFO ] 2020-04-19 17:13:32.229 [main] MainInterface - This is an info msg
[FATAL] 2020-04-19 17:13:32.231 [main] MainInterface - This is a fatal msg
[WARN ] 2020-04-19 17:13:32.231 [main] MainInterface - This is a warn msg
[ERROR] 2020-04-19 17:13:32.231 [main] MainInterface - This is a error msg
[INFO ] 2020-04-19 17:14:02.625 [main] MainInterface - This is an info msg
[FATAL] 2020-04-19 17:14:02.627 [main] MainInterface - This is a fatal msg
[WARN ] 2020-04-19 17:14:02.628 [main] MainInterface - This is a warn msg
[ERROR] 2020-04-19 17:14:02.628 [main] MainInterface - This is a error msg
[INFO ] 2020-04-19 17:15:31.945 [main] MainInterface - This is an info msg
[FATAL] 2020-04-19 17:15:31.947 [main] MainInterface - This is a fatal msg
[WARN ] 2020-04-19 17:15:31.947 [main] MainInterface - This is a warn msg
[ERROR] 2020-04-19 17:15:31.947 [main] MainInterface - This is a error msg
[INFO ] 2020-04-19 17:16:03.246 [main] MainInterface - This is an info msg
[FATAL] 2020-04-19 17:16:03.248 [main] MainInterface - This is a fatal msg
[WARN ] 2020-04-19 17:16:03.248 [main] MainInterface - This is a warn msg
[ERROR] 2020-04-19 17:16:03.249 [main] MainInterface - This is a error msg
[INFO ] 2020-04-19 17:18:21.190 [main] MainInterface - This is an info msg
[FATAL] 2020-04-19 17:18:21.192 [main] MainInterface - This is a fatal msg
[WARN ] 2020-04-19 17:18:21.192 [main] MainInterface - This is a warn msg
[ERROR] 2020-04-19 17:18:21.192 [main] MainInterface - This is a error msg
[INFO ] 2020-04-19 17:20:33.583 [main] MainInterface - This is an info msg
[FATAL] 2020-04-19 17:20:33.586 [main] MainInterface - This is a fatal msg
[WARN ] 2020-04-19 17:20:33.586 [main] MainInterface - This is a warn msg
[ERROR] 2020-04-19 17:20:33.586 [main] MainInterface - This is a error msg
[INFO ] 2020-04-19 17:22:25.558 [main] MainInterface - This is an info msg
[FATAL] 2020-04-19 17:22:25.560 [main] MainInterface - This is a fatal msg
[WARN ] 2020-04-19 17:22:25.560 [main] MainInterface - This is a warn msg
[ERROR] 2020-04-19 17:22:25.560 [main] MainInterface - This is a error msg
[INFO ] 2020-04-19 17:26:08.714 [main] MainInterface - This is an info msg
[FATAL] 2020-04-19 17:26:08.716 [main] MainInterface - This is a fatal msg
[WARN ] 2020-04-19 17:26:08.716 [main] MainInterface - This is a warn msg
[ERROR] 2020-04-19 17:26:08.716 [main] MainInterface - This is a error msg
[INFO ] 2020-04-19 18:31:49.362 [main] MainInterface - This is an info msg
[FATAL] 2020-04-19 18:31:49.364 [main] MainInterface - This is a fatal msg
[WARN ] 2020-04-19 18:31:49.365 [main] MainInterface - This is a warn msg
[ERROR] 2020-04-19 18:31:49.365 [main] MainInterface - This is a error msg
[INFO ] 2020-04-19 18:31:49.371 [main] MainInterface - This is an info msg
[FATAL] 2020-04-19 18:31:49.373 [main] MainInterface - This is a fatal msg
[WARN ] 2020-04-19 18:31:49.373 [main] MainInterface - This is a warn msg
[ERROR] 2020-04-19 18:31:49.373 [main] MainInterface - This is a error msg
=======
[INFO ] 2020-04-16 12:50:21.585 [main] MainInterface - This is an info msg
[FATAL] 2020-04-16 12:50:21.631 [main] MainInterface - This is a fatal msg
[WARN ] 2020-04-16 12:50:21.631 [main] MainInterface - This is a warn msg
[ERROR] 2020-04-16 12:50:21.632 [main] MainInterface - This is a error msg
[INFO ] 2020-04-16 12:54:46.840 [main] MainInterface - This is an info msg
[FATAL] 2020-04-16 12:54:46.847 [main] MainInterface - This is a fatal msg
[WARN ] 2020-04-16 12:54:46.847 [main] MainInterface - This is a warn msg
[ERROR] 2020-04-16 12:54:46.847 [main] MainInterface - This is a error msg
[INFO ] 2020-04-16 12:55:54.173 [main] MainInterface - This is an info msg
[FATAL] 2020-04-16 12:55:54.180 [main] MainInterface - This is a fatal msg
[WARN ] 2020-04-16 12:55:54.180 [main] MainInterface - This is a warn msg
[ERROR] 2020-04-16 12:55:54.180 [main] MainInterface - This is a error msg
[INFO ] 2020-04-16 12:59:04.707 [main] MainInterface - This is an info msg
[FATAL] 2020-04-16 12:59:04.717 [main] MainInterface - This is a fatal msg
[WARN ] 2020-04-16 12:59:04.718 [main] MainInterface - This is a warn msg
[ERROR] 2020-04-16 12:59:04.718 [main] MainInterface - This is a error msg
[INFO ] 2020-04-16 13:00:01.497 [main] MainInterface - This is an info msg
[FATAL] 2020-04-16 13:00:01.505 [main] MainInterface - This is a fatal msg
[WARN ] 2020-04-16 13:00:01.505 [main] MainInterface - This is a warn msg
[ERROR] 2020-04-16 13:00:01.505 [main] MainInterface - This is a error msg
[INFO ] 2020-04-16 13:01:31.987 [main] MainInterface - This is an info msg
[FATAL] 2020-04-16 13:01:31.996 [main] MainInterface - This is a fatal msg
[WARN ] 2020-04-16 13:01:31.996 [main] MainInterface - This is a warn msg
[ERROR] 2020-04-16 13:01:31.997 [main] MainInterface - This is a error msg
[INFO ] 2020-04-16 13:02:20.218 [main] MainInterface - This is an info msg
[FATAL] 2020-04-16 13:02:20.231 [main] MainInterface - This is a fatal msg
[WARN ] 2020-04-16 13:02:20.231 [main] MainInterface - This is a warn msg
[ERROR] 2020-04-16 13:02:20.232 [main] MainInterface - This is a error msg
[INFO ] 2020-04-16 13:03:16.743 [main] MainInterface - This is an info msg
[FATAL] 2020-04-16 13:03:16.749 [main] MainInterface - This is a fatal msg
[WARN ] 2020-04-16 13:03:16.750 [main] MainInterface - This is a warn msg
[ERROR] 2020-04-16 13:03:16.750 [main] MainInterface - This is a error msg
[INFO ] 2020-04-16 13:39:13.573 [main] MainInterface - This is an info msg
[FATAL] 2020-04-16 13:39:13.583 [main] MainInterface - This is a fatal msg
[WARN ] 2020-04-16 13:39:13.583 [main] MainInterface - This is a warn msg
[ERROR] 2020-04-16 13:39:13.583 [main] MainInterface - This is a error msg
[INFO ] 2020-04-16 13:39:58.164 [main] MainInterface - This is an info msg
[FATAL] 2020-04-16 13:39:58.178 [main] MainInterface - This is a fatal msg
[WARN ] 2020-04-16 13:39:58.179 [main] MainInterface - This is a warn msg
[ERROR] 2020-04-16 13:39:58.180 [main] MainInterface - This is a error msg
[INFO ] 2020-04-16 13:40:12.873 [main] MainInterface - This is an info msg
[FATAL] 2020-04-16 13:40:12.885 [main] MainInterface - This is a fatal msg
[WARN ] 2020-04-16 13:40:12.885 [main] MainInterface - This is a warn msg
[ERROR] 2020-04-16 13:40:12.886 [main] MainInterface - This is a error msg
[INFO ] 2020-04-16 13:41:21.582 [main] MainInterface - This is an info msg
[FATAL] 2020-04-16 13:41:21.592 [main] MainInterface - This is a fatal msg
[WARN ] 2020-04-16 13:41:21.593 [main] MainInterface - This is a warn msg
[ERROR] 2020-04-16 13:41:21.593 [main] MainInterface - This is a error msg
[INFO ] 2020-04-16 13:43:46.005 [main] MainInterface - This is an info msg
[FATAL] 2020-04-16 13:43:46.023 [main] MainInterface - This is a fatal msg
[WARN ] 2020-04-16 13:43:46.024 [main] MainInterface - This is a warn msg
[ERROR] 2020-04-16 13:43:46.025 [main] MainInterface - This is a error msg
[INFO ] 2020-04-16 13:46:38.170 [main] MainInterface - This is an info msg
[FATAL] 2020-04-16 13:46:38.181 [main] MainInterface - This is a fatal msg
[WARN ] 2020-04-16 13:46:38.182 [main] MainInterface - This is a warn msg
[ERROR] 2020-04-16 13:46:38.183 [main] MainInterface - This is a error msg
[INFO ] 2020-04-19 14:22:13.945 [main] MainInterface - This is an info msg
[FATAL] 2020-04-19 14:22:13.988 [main] MainInterface - This is a fatal msg
[WARN ] 2020-04-19 14:22:13.989 [main] MainInterface - This is a warn msg
[ERROR] 2020-04-19 14:22:13.991 [main] MainInterface - This is a error msg
[INFO ] 2020-04-19 15:02:54.574 [main] MainInterface - This is an info msg
[FATAL] 2020-04-19 15:02:54.623 [main] MainInterface - This is a fatal msg
[WARN ] 2020-04-19 15:02:54.624 [main] MainInterface - This is a warn msg
[ERROR] 2020-04-19 15:02:54.624 [main] MainInterface - This is a error msg
[INFO ] 2020-04-19 15:27:10.028 [main] MainInterface - This is an info msg
[FATAL] 2020-04-19 15:27:10.037 [main] MainInterface - This is a fatal msg
[WARN ] 2020-04-19 15:27:10.037 [main] MainInterface - This is a warn msg
[ERROR] 2020-04-19 15:27:10.038 [main] MainInterface - This is a error msg
[INFO ] 2020-04-19 15:38:37.023 [main] MainInterface - This is an info msg
[FATAL] 2020-04-19 15:38:37.031 [main] MainInterface - This is a fatal msg
[WARN ] 2020-04-19 15:38:37.032 [main] MainInterface - This is a warn msg
[ERROR] 2020-04-19 15:38:37.032 [main] MainInterface - This is a error msg
[INFO ] 2020-04-19 15:44:45.211 [main] MainInterface - This is an info msg
[FATAL] 2020-04-19 15:44:45.221 [main] MainInterface - This is a fatal msg
[WARN ] 2020-04-19 15:44:45.221 [main] MainInterface - This is a warn msg
[ERROR] 2020-04-19 15:44:45.222 [main] MainInterface - This is a error msg
[INFO ] 2020-04-19 17:10:29.532 [main] MainInterface - This is an info msg
[FATAL] 2020-04-19 17:10:29.543 [main] MainInterface - This is a fatal msg
[WARN ] 2020-04-19 17:10:29.544 [main] MainInterface - This is a warn msg
[ERROR] 2020-04-19 17:10:29.544 [main] MainInterface - This is a error msg
[INFO ] 2020-04-19 17:10:46.504 [main] MainInterface - This is an info msg
[FATAL] 2020-04-19 17:10:46.518 [main] MainInterface - This is a fatal msg
[WARN ] 2020-04-19 17:10:46.519 [main] MainInterface - This is a warn msg
[ERROR] 2020-04-19 17:10:46.519 [main] MainInterface - This is a error msg
[INFO ] 2020-04-19 17:11:29.285 [main] MainInterface - This is an info msg
[FATAL] 2020-04-19 17:11:29.301 [main] MainInterface - This is a fatal msg
[WARN ] 2020-04-19 17:11:29.302 [main] MainInterface - This is a warn msg
[ERROR] 2020-04-19 17:11:29.302 [main] MainInterface - This is a error msg
[INFO ] 2020-04-19 17:13:47.747 [main] MainInterface - This is an info msg
[FATAL] 2020-04-19 17:13:47.760 [main] MainInterface - This is a fatal msg
[WARN ] 2020-04-19 17:13:47.760 [main] MainInterface - This is a warn msg
[ERROR] 2020-04-19 17:13:47.761 [main] MainInterface - This is a error msg
[INFO ] 2020-04-19 17:14:08.013 [main] MainInterface - This is an info msg
[FATAL] 2020-04-19 17:14:08.025 [main] MainInterface - This is a fatal msg
[WARN ] 2020-04-19 17:14:08.025 [main] MainInterface - This is a warn msg
[ERROR] 2020-04-19 17:14:08.026 [main] MainInterface - This is a error msg
[INFO ] 2020-04-19 17:17:15.691 [main] MainInterface - This is an info msg
[FATAL] 2020-04-19 17:17:15.708 [main] MainInterface - This is a fatal msg
[WARN ] 2020-04-19 17:17:15.709 [main] MainInterface - This is a warn msg
[ERROR] 2020-04-19 17:17:15.710 [main] MainInterface - This is a error msg
[INFO ] 2020-04-19 17:18:06.033 [main] MainInterface - This is an info msg
[FATAL] 2020-04-19 17:18:06.046 [main] MainInterface - This is a fatal msg
[WARN ] 2020-04-19 17:18:06.046 [main] MainInterface - This is a warn msg
[ERROR] 2020-04-19 17:18:06.047 [main] MainInterface - This is a error msg
[INFO ] 2020-04-19 17:29:08.781 [main] MainInterface - This is an info msg
[FATAL] 2020-04-19 17:29:08.796 [main] MainInterface - This is a fatal msg
[WARN ] 2020-04-19 17:29:08.797 [main] MainInterface - This is a warn msg
[ERROR] 2020-04-19 17:29:08.797 [main] MainInterface - This is a error msg
[INFO ] 2020-04-19 17:31:16.708 [main] MainInterface - This is an info msg
[FATAL] 2020-04-19 17:31:16.719 [main] MainInterface - This is a fatal msg
[WARN ] 2020-04-19 17:31:16.719 [main] MainInterface - This is a warn msg
[ERROR] 2020-04-19 17:31:16.719 [main] MainInterface - This is a error msg
[INFO ] 2020-04-19 17:34:18.461 [main] MainInterface - This is an info msg
[FATAL] 2020-04-19 17:34:18.471 [main] MainInterface - This is a fatal msg
[WARN ] 2020-04-19 17:34:18.471 [main] MainInterface - This is a warn msg
[ERROR] 2020-04-19 17:34:18.472 [main] MainInterface - This is a error msg
[INFO ] 2020-04-19 17:35:26.847 [main] MainInterface - This is an info msg
[FATAL] 2020-04-19 17:35:26.858 [main] MainInterface - This is a fatal msg
[WARN ] 2020-04-19 17:35:26.859 [main] MainInterface - This is a warn msg
[ERROR] 2020-04-19 17:35:26.860 [main] MainInterface - This is a error msg
[INFO ] 2020-04-19 17:37:21.160 [main] MainInterface - This is an info msg
[FATAL] 2020-04-19 17:37:21.169 [main] MainInterface - This is a fatal msg
[WARN ] 2020-04-19 17:37:21.169 [main] MainInterface - This is a warn msg
[ERROR] 2020-04-19 17:37:21.170 [main] MainInterface - This is a error msg
[INFO ] 2020-04-19 17:39:44.362 [main] MainInterface - This is an info msg
[FATAL] 2020-04-19 17:39:44.374 [main] MainInterface - This is a fatal msg
[WARN ] 2020-04-19 17:39:44.374 [main] MainInterface - This is a warn msg
[ERROR] 2020-04-19 17:39:44.375 [main] MainInterface - This is a error msg
[INFO ] 2020-04-19 17:41:55.071 [main] MainInterface - This is an info msg
[FATAL] 2020-04-19 17:41:55.083 [main] MainInterface - This is a fatal msg
[WARN ] 2020-04-19 17:41:55.084 [main] MainInterface - This is a warn msg
[ERROR] 2020-04-19 17:41:55.084 [main] MainInterface - This is a error msg
[INFO ] 2020-04-19 17:42:40.822 [main] MainInterface - This is an info msg
[FATAL] 2020-04-19 17:42:40.837 [main] MainInterface - This is a fatal msg
[WARN ] 2020-04-19 17:42:40.837 [main] MainInterface - This is a warn msg
[ERROR] 2020-04-19 17:42:40.837 [main] MainInterface - This is a error msg
[INFO ] 2020-04-19 17:43:23.211 [main] MainInterface - This is an info msg
[FATAL] 2020-04-19 17:43:23.222 [main] MainInterface - This is a fatal msg
[WARN ] 2020-04-19 17:43:23.222 [main] MainInterface - This is a warn msg
[ERROR] 2020-04-19 17:43:23.223 [main] MainInterface - This is a error msg
[INFO ] 2020-04-19 17:43:57.488 [main] MainInterface - This is an info msg
[FATAL] 2020-04-19 17:43:57.500 [main] MainInterface - This is a fatal msg
[WARN ] 2020-04-19 17:43:57.500 [main] MainInterface - This is a warn msg
[ERROR] 2020-04-19 17:43:57.501 [main] MainInterface - This is a error msg
[INFO ] 2020-04-19 17:47:38.630 [main] MainInterface - This is an info msg
[FATAL] 2020-04-19 17:47:38.641 [main] MainInterface - This is a fatal msg
[WARN ] 2020-04-19 17:47:38.642 [main] MainInterface - This is a warn msg
[ERROR] 2020-04-19 17:47:38.642 [main] MainInterface - This is a error msg
[INFO ] 2020-04-19 17:50:49.805 [main] MainInterface - This is an info msg
[FATAL] 2020-04-19 17:50:49.814 [main] MainInterface - This is a fatal msg
[WARN ] 2020-04-19 17:50:49.814 [main] MainInterface - This is a warn msg
[ERROR] 2020-04-19 17:50:49.814 [main] MainInterface - This is a error msg
[INFO ] 2020-04-19 17:53:26.691 [main] MainInterface - This is an info msg
[FATAL] 2020-04-19 17:53:26.703 [main] MainInterface - This is a fatal msg
[WARN ] 2020-04-19 17:53:26.703 [main] MainInterface - This is a warn msg
[ERROR] 2020-04-19 17:53:26.703 [main] MainInterface - This is a error msg
[INFO ] 2020-04-19 17:55:36.063 [main] MainInterface - This is an info msg
[FATAL] 2020-04-19 17:55:36.076 [main] MainInterface - This is a fatal msg
[WARN ] 2020-04-19 17:55:36.076 [main] MainInterface - This is a warn msg
[ERROR] 2020-04-19 17:55:36.077 [main] MainInterface - This is a error msg
[INFO ] 2020-04-19 17:56:36.205 [main] MainInterface - This is an info msg
[FATAL] 2020-04-19 17:56:36.217 [main] MainInterface - This is a fatal msg
[WARN ] 2020-04-19 17:56:36.218 [main] MainInterface - This is a warn msg
[ERROR] 2020-04-19 17:56:36.219 [main] MainInterface - This is a error msg
[INFO ] 2020-04-19 17:57:55.468 [main] MainInterface - This is an info msg
[FATAL] 2020-04-19 17:57:55.481 [main] MainInterface - This is a fatal msg
[WARN ] 2020-04-19 17:57:55.482 [main] MainInterface - This is a warn msg
[ERROR] 2020-04-19 17:57:55.482 [main] MainInterface - This is a error msg
[INFO ] 2020-04-19 17:59:24.068 [main] MainInterface - This is an info msg
[FATAL] 2020-04-19 17:59:24.079 [main] MainInterface - This is a fatal msg
[WARN ] 2020-04-19 17:59:24.080 [main] MainInterface - This is a warn msg
[ERROR] 2020-04-19 17:59:24.081 [main] MainInterface - This is a error msg
[INFO ] 2020-04-19 17:59:54.373 [main] MainInterface - This is an info msg
[FATAL] 2020-04-19 17:59:54.387 [main] MainInterface - This is a fatal msg
[WARN ] 2020-04-19 17:59:54.388 [main] MainInterface - This is a warn msg
[ERROR] 2020-04-19 17:59:54.388 [main] MainInterface - This is a error msg
[INFO ] 2020-04-19 18:02:07.323 [main] MainInterface - This is an info msg
[FATAL] 2020-04-19 18:02:07.339 [main] MainInterface - This is a fatal msg
[WARN ] 2020-04-19 18:02:07.340 [main] MainInterface - This is a warn msg
[ERROR] 2020-04-19 18:02:07.340 [main] MainInterface - This is a error msg
[INFO ] 2020-04-19 18:28:49.975 [main] MainInterface - This is an info msg
[FATAL] 2020-04-19 18:28:49.990 [main] MainInterface - This is a fatal msg
[WARN ] 2020-04-19 18:28:49.991 [main] MainInterface - This is a warn msg
[ERROR] 2020-04-19 18:28:49.992 [main] MainInterface - This is a error msg
[INFO ] 2020-04-19 18:33:19.738 [main] MainInterface - This is an info msg
[FATAL] 2020-04-19 18:33:19.751 [main] MainInterface - This is a fatal msg
[WARN ] 2020-04-19 18:33:19.752 [main] MainInterface - This is a warn msg
[ERROR] 2020-04-19 18:33:19.752 [main] MainInterface - This is a error msg
[INFO ] 2020-04-19 18:36:22.317 [main] MainInterface - This is an info msg
[FATAL] 2020-04-19 18:36:22.334 [main] MainInterface - This is a fatal msg
[WARN ] 2020-04-19 18:36:22.334 [main] MainInterface - This is a warn msg
[ERROR] 2020-04-19 18:36:22.335 [main] MainInterface - This is a error msg
[INFO ] 2020-04-19 18:38:13.537 [main] MainInterface - This is an info msg
[FATAL] 2020-04-19 18:38:13.552 [main] MainInterface - This is a fatal msg
[WARN ] 2020-04-19 18:38:13.553 [main] MainInterface - This is a warn msg
[ERROR] 2020-04-19 18:38:13.553 [main] MainInterface - This is a error msg
[INFO ] 2020-04-19 20:25:52.844 [main] MainInterface - This is an info msg
[FATAL] 2020-04-19 20:25:52.864 [main] MainInterface - This is a fatal msg
[WARN ] 2020-04-19 20:25:52.865 [main] MainInterface - This is a warn msg
[ERROR] 2020-04-19 20:25:52.866 [main] MainInterface - This is a error msg
[INFO ] 2020-04-19 20:27:01.318 [main] MainInterface - This is an info msg
[FATAL] 2020-04-19 20:27:01.331 [main] MainInterface - This is a fatal msg
[WARN ] 2020-04-19 20:27:01.332 [main] MainInterface - This is a warn msg
[ERROR] 2020-04-19 20:27:01.333 [main] MainInterface - This is a error msg
[INFO ] 2020-04-19 21:53:13.297 [main] MainInterface - This is an info msg
[FATAL] 2020-04-19 21:53:13.308 [main] MainInterface - This is a fatal msg
[WARN ] 2020-04-19 21:53:13.309 [main] MainInterface - This is a warn msg
[ERROR] 2020-04-19 21:53:13.309 [main] MainInterface - This is a error msg
>>>>>>> branch 'master' of https://github.com/hareemanandinesweta/hotelManagementMaven.git
